<?xml version="1.0" encoding="UTF-8"?>
<!-- Generated by org.testng.reporters.JUnitXMLReporter -->
<testsuite ignored="0" hostname="lody" failures="1" tests="1" name="LoginBeforeCheckout" time="116.568" errors="0" timestamp="2025-05-11T20:34:22 EEST">
  <testcase classname="tests.LoginBeforeCheckout" name="loginBeforeCheckout_HappyScenario" time="85.084">
    <failure type="java.lang.AssertionError" message="First product quantity is incorrect! expected [1] but found [7]">
      <![CDATA[java.lang.AssertionError: First product quantity is incorrect! expected [1] but found [7]
at tests.LoginBeforeCheckout.loginBeforeCheckout_HappyScenario(LoginBeforeCheckout.java:75)
at java.base/java.util.ArrayList.forEach(ArrayList.java:1596)
... Removed 30 stack frames]]>
    </failure>
  </testcase> <!-- loginBeforeCheckout_HappyScenario -->
</testsuite> <!-- LoginBeforeCheckout -->
